c:\users\peppe\documents\github\milestones-peppermoos\code\cplusplus_programming_for_games\x64\debug\vc142.pdb
c:\users\peppe\documents\github\milestones-peppermoos\code\cplusplus_programming_for_games\x64\debug\vc142.idb
c:\users\peppe\documents\github\milestones-peppermoos\code\cplusplus_programming_for_games\x64\debug\tiledmap.obj
c:\users\peppe\documents\github\milestones-peppermoos\code\cplusplus_programming_for_games\x64\debug\cplusplus_programming_for_games.obj
c:\users\peppe\documents\github\milestones-peppermoos\code\cplusplus_programming_for_games\x64\debug\gameloop.obj
c:\users\peppe\documents\github\milestones-peppermoos\code\cplusplus_programming_for_games\x64\debug\player.obj
c:\users\peppe\documents\github\milestones-peppermoos\code\cplusplus_programming_for_games\x64\debug\fontrenderer.obj
c:\users\peppe\documents\github\milestones-peppermoos\code\cplusplus_programming_for_games\x64\debug\enemy.obj
c:\users\peppe\documents\github\milestones-peppermoos\code\cplusplus_programming_for_games\x64\debug\waves.obj
c:\users\peppe\documents\github\milestones-peppermoos\code\cplusplus_programming_for_games\x64\debug\healthbar.obj
c:\users\peppe\documents\github\milestones-peppermoos\code\cplusplus_programming_for_games\x64\debug\animation.obj
c:\users\peppe\documents\github\milestones-peppermoos\code\x64\debug\cplusplus_programming_for_games.exe
c:\users\peppe\documents\github\milestones-peppermoos\code\cplusplus_programming_for_games\x64\debug\cplusplus_programming_for_games.ilk
c:\users\peppe\documents\github\milestones-peppermoos\code\x64\debug\cplusplus_programming_for_games.pdb
c:\users\peppe\documents\github\milestones-peppermoos\code\cplusplus_programming_for_games\x64\debug\enemy2.obj
c:\users\peppe\documents\github\milestones-peppermoos\code\cplusplus_programming_for_games\x64\debug\cplusplu.0898ad05.tlog\cl.command.1.tlog
c:\users\peppe\documents\github\milestones-peppermoos\code\cplusplus_programming_for_games\x64\debug\cplusplu.0898ad05.tlog\cl.read.1.tlog
c:\users\peppe\documents\github\milestones-peppermoos\code\cplusplus_programming_for_games\x64\debug\cplusplu.0898ad05.tlog\cl.write.1.tlog
c:\users\peppe\documents\github\milestones-peppermoos\code\cplusplus_programming_for_games\x64\debug\cplusplu.0898ad05.tlog\link.command.1.tlog
c:\users\peppe\documents\github\milestones-peppermoos\code\cplusplus_programming_for_games\x64\debug\cplusplu.0898ad05.tlog\link.read.1.tlog
c:\users\peppe\documents\github\milestones-peppermoos\code\cplusplus_programming_for_games\x64\debug\cplusplu.0898ad05.tlog\link.write.1.tlog
